# JRE version: OpenJDK Runtime Environment (11.0.8+10) (build 11.0.8+10-b944.6916264)
# Java VM: OpenJDK 64-Bit Server VM (11.0.8+10-b944.6916264, mixed mode, tiered, compressed oops, parallel gc, bsd-amd64)
Heap:
 PSYoungGen      total 23040K, used 0K [0x00000007eab00000, 0x00000007eca00000, 0x0000000800000000)
  eden space 22528K, 0% used [0x00000007eab00000,0x00000007eab00000,0x00000007ec100000)
  from space 512K, 0% used [0x00000007ec480000,0x00000007ec480000,0x00000007ec500000)
  to   space 2048K, 0% used [0x00000007ec800000,0x00000007ec800000,0x00000007eca00000)
 ParOldGen       total 68608K, used 21373K [0x00000007c0000000, 0x00000007c4300000, 0x00000007eab00000)
  object space 68608K, 31% used [0x00000007c0000000,0x00000007c14df480,0x00000007c4300000)
 Metaspace       used 33388K, capacity 35306K, committed 35416K, reserved 1081344K
  class space    used 3201K, capacity 3884K, committed 3968K, reserved 1048576K
GC Heap History (20 events):
Event: 2.243 GC heap before
{Heap before GC invocations=4 (full 1):
 PSYoungGen      total 29696K, used 25600K [0x00000007eab00000, 0x00000007ecc00000, 0x0000000800000000)
  eden space 25600K, 100% used [0x00000007eab00000,0x00000007ec400000,0x00000007ec400000)
  from space 4096K, 0% used [0x00000007ec800000,0x00000007ec800000,0x00000007ecc00000)
  to   space 4096K, 0% used [0x00000007ec400000,0x00000007ec400000,0x00000007ec800000)
 ParOldGen       total 68608K, used 6323K [0x00000007c0000000, 0x00000007c4300000, 0x00000007eab00000)
  object space 68608K, 9% used [0x00000007c0000000,0x00000007c062ccb0,0x00000007c4300000)
 Metaspace       used 26685K, capacity 28327K, committed 28544K, reserved 1075200K
  class space    used 2564K, capacity 3179K, committed 3200K, reserved 1048576K
}
Event: 2.245 GC heap after
{Heap after GC invocations=4 (full 1):
 PSYoungGen      total 29696K, used 2204K [0x00000007eab00000, 0x00000007ecc00000, 0x0000000800000000)
  eden space 25600K, 0% used [0x00000007eab00000,0x00000007eab00000,0x00000007ec400000)
  from space 4096K, 53% used [0x00000007ec400000,0x00000007ec627250,0x00000007ec800000)
  to   space 4096K, 0% used [0x00000007ec800000,0x00000007ec800000,0x00000007ecc00000)
 ParOldGen       total 68608K, used 6339K [0x00000007c0000000, 0x00000007c4300000, 0x00000007eab00000)
  object space 68608K, 9% used [0x00000007c0000000,0x00000007c0630cc8,0x00000007c4300000)
 Metaspace       used 26685K, capacity 28327K, committed 28544K, reserved 1075200K
  class space    used 2564K, capacity 3179K, committed 3200K, reserved 1048576K
}
Event: 3.088 GC heap before
{Heap before GC invocations=5 (full 1):
 PSYoungGen      total 29696K, used 27804K [0x00000007eab00000, 0x00000007ecc00000, 0x0000000800000000)
  eden space 25600K, 100% used [0x00000007eab00000,0x00000007ec400000,0x00000007ec400000)
  from space 4096K, 53% used [0x00000007ec400000,0x00000007ec627250,0x00000007ec800000)
  to   space 4096K, 0% used [0x00000007ec800000,0x00000007ec800000,0x00000007ecc00000)
 ParOldGen       total 68608K, used 6339K [0x00000007c0000000, 0x00000007c4300000, 0x00000007eab00000)
  object space 68608K, 9% used [0x00000007c0000000,0x00000007c0630cc8,0x00000007c4300000)
 Metaspace       used 30978K, capacity 32797K, committed 32896K, reserved 1079296K
  class space    used 3000K, capacity 3666K, committed 3712K, reserved 1048576K
}
Event: 3.091 GC heap after
{Heap after GC invocations=5 (full 1):
 PSYoungGen      total 29696K, used 4076K [0x00000007eab00000, 0x00000007ecc00000, 0x0000000800000000)
  eden space 25600K, 0% used [0x00000007eab00000,0x00000007eab00000,0x00000007ec400000)
  from space 4096K, 99% used [0x00000007ec800000,0x00000007ecbfb030,0x00000007ecc00000)
  to   space 4096K, 0% used [0x00000007ec400000,0x00000007ec400000,0x00000007ec800000)
 ParOldGen       total 68608K, used 6595K [0x00000007c0000000, 0x00000007c4300000, 0x00000007eab00000)
  object space 68608K, 9% used [0x00000007c0000000,0x00000007c0670cc8,0x00000007c4300000)
 Metaspace       used 30978K, capacity 32797K, committed 32896K, reserved 1079296K
  class space    used 3000K, capacity 3666K, committed 3712K, reserved 1048576K
}
Event: 3.197 GC heap before
{Heap before GC invocations=6 (full 1):
 PSYoungGen      total 29696K, used 29676K [0x00000007eab00000, 0x00000007ecc00000, 0x0000000800000000)
  eden space 25600K, 100% used [0x00000007eab00000,0x00000007ec400000,0x00000007ec400000)
  from space 4096K, 99% used [0x00000007ec800000,0x00000007ecbfb030,0x00000007ecc00000)
  to   space 4096K, 0% used [0x00000007ec400000,0x00000007ec400000,0x00000007ec800000)
 ParOldGen       total 68608K, used 6595K [0x00000007c0000000, 0x00000007c4300000, 0x00000007eab00000)
  object space 68608K, 9% used [0x00000007c0000000,0x00000007c0670cc8,0x00000007c4300000)
 Metaspace       used 31153K, capacity 32952K, committed 33152K, reserved 1079296K
  class space    used 3016K, capacity 3675K, committed 3712K, reserved 1048576K
}
Event: 3.202 GC heap after
{Heap after GC invocations=6 (full 1):
 PSYoungGen      total 29184K, used 4087K [0x00000007eab00000, 0x00000007ed080000, 0x0000000800000000)
  eden space 25088K, 0% used [0x00000007eab00000,0x00000007eab00000,0x00000007ec380000)
  from space 4096K, 99% used [0x00000007ec400000,0x00000007ec7fdf48,0x00000007ec800000)
  to   space 6656K, 0% used [0x00000007eca00000,0x00000007eca00000,0x00000007ed080000)
 ParOldGen       total 68608K, used 8599K [0x00000007c0000000, 0x00000007c4300000, 0x00000007eab00000)
  object space 68608K, 12% used [0x00000007c0000000,0x00000007c0865d48,0x00000007c4300000)
 Metaspace       used 31153K, capacity 32952K, committed 33152K, reserved 1079296K
  class space    used 3016K, capacity 3675K, committed 3712K, reserved 1048576K
}
Event: 3.263 GC heap before
{Heap before GC invocations=7 (full 1):
 PSYoungGen      total 29184K, used 29175K [0x00000007eab00000, 0x00000007ed080000, 0x0000000800000000)
  eden space 25088K, 100% used [0x00000007eab00000,0x00000007ec380000,0x00000007ec380000)
  from space 4096K, 99% used [0x00000007ec400000,0x00000007ec7fdf48,0x00000007ec800000)
  to   space 6656K, 0% used [0x00000007eca00000,0x00000007eca00000,0x00000007ed080000)
 ParOldGen       total 68608K, used 8599K [0x00000007c0000000, 0x00000007c4300000, 0x00000007eab00000)
  object space 68608K, 12% used [0x00000007c0000000,0x00000007c0865d48,0x00000007c4300000)
 Metaspace       used 31256K, capacity 33112K, committed 33152K, reserved 1079296K
  class space    used 3022K, capacity 3707K, committed 3712K, reserved 1048576K
}
Event: 3.268 GC heap after
{Heap after GC invocations=7 (full 1):
 PSYoungGen      total 30720K, used 6125K [0x00000007eab00000, 0x00000007ed000000, 0x0000000800000000)
  eden space 24576K, 0% used [0x00000007eab00000,0x00000007eab00000,0x00000007ec300000)
  from space 6144K, 99% used [0x00000007eca00000,0x00000007ecffb6a0,0x00000007ed000000)
  to   space 6656K, 0% used [0x00000007ec300000,0x00000007ec300000,0x00000007ec980000)
 ParOldGen       total 68608K, used 8607K [0x00000007c0000000, 0x00000007c4300000, 0x00000007eab00000)
  object space 68608K, 12% used [0x00000007c0000000,0x00000007c0867d48,0x00000007c4300000)
 Metaspace       used 31256K, capacity 33112K, committed 33152K, reserved 1079296K
  class space    used 3022K, capacity 3707K, committed 3712K, reserved 1048576K
}
Event: 3.317 GC heap before
{Heap before GC invocations=8 (full 1):
 PSYoungGen      total 30720K, used 30701K [0x00000007eab00000, 0x00000007ed000000, 0x0000000800000000)
  eden space 24576K, 100% used [0x00000007eab00000,0x00000007ec300000,0x00000007ec300000)
  from space 6144K, 99% used [0x00000007eca00000,0x00000007ecffb6a0,0x00000007ed000000)
  to   space 6656K, 0% used [0x00000007ec300000,0x00000007ec300000,0x00000007ec980000)
 ParOldGen       total 68608K, used 8607K [0x00000007c0000000, 0x00000007c4300000, 0x00000007eab00000)
  object space 68608K, 12% used [0x00000007c0000000,0x00000007c0867d48,0x00000007c4300000)
 Metaspace       used 31338K, capacity 33176K, committed 33408K, reserved 1079296K
  class space    used 3029K, capacity 3707K, committed 3712K, reserved 1048576K
}
Event: 3.323 GC heap after
{Heap after GC invocations=8 (full 1):
 PSYoungGen      total 30720K, used 6626K [0x00000007eab00000, 0x00000007ed480000, 0x0000000800000000)
  eden space 24064K, 0% used [0x00000007eab00000,0x00000007eab00000,0x00000007ec280000)
  from space 6656K, 99% used [0x00000007ec300000,0x00000007ec978a60,0x00000007ec980000)
  to   space 9216K, 0% used [0x00000007ecb80000,0x00000007ecb80000,0x00000007ed480000)
 ParOldGen       total 68608K, used 10562K [0x00000007c0000000, 0x00000007c4300000, 0x00000007eab00000)
  object space 68608K, 15% used [0x00000007c0000000,0x00000007c0a509b8,0x00000007c4300000)
 Metaspace       used 31338K, capacity 33176K, committed 33408K, reserved 1079296K
  class space    used 3029K, capacity 3707K, committed 3712K, reserved 1048576K
}
Event: 3.363 GC heap before
{Heap before GC invocations=9 (full 1):
 PSYoungGen      total 30720K, used 30690K [0x00000007eab00000, 0x00000007ed480000, 0x0000000800000000)
  eden space 24064K, 100% used [0x00000007eab00000,0x00000007ec280000,0x00000007ec280000)
  from space 6656K, 99% used [0x00000007ec300000,0x00000007ec978a60,0x00000007ec980000)
  to   space 9216K, 0% used [0x00000007ecb80000,0x00000007ecb80000,0x00000007ed480000)
 ParOldGen       total 68608K, used 10562K [0x00000007c0000000, 0x00000007c4300000, 0x00000007eab00000)
  object space 68608K, 15% used [0x00000007c0000000,0x00000007c0a509b8,0x00000007c4300000)
 Metaspace       used 31338K, capacity 33176K, committed 33408K, reserved 1079296K
  class space    used 3029K, capacity 3707K, committed 3712K, reserved 1048576K
}
Event: 3.369 GC heap after
{Heap after GC invocations=9 (full 1):
 PSYoungGen      total 30720K, used 6738K [0x00000007eab00000, 0x00000007ed280000, 0x0000000800000000)
  eden space 23552K, 0% used [0x00000007eab00000,0x00000007eab00000,0x00000007ec200000)
  from space 7168K, 94% used [0x00000007ecb80000,0x00000007ed214b38,0x00000007ed280000)
  to   space 7680K, 0% used [0x00000007ec380000,0x00000007ec380000,0x00000007ecb00000)
 ParOldGen       total 68608K, used 12548K [0x00000007c0000000, 0x00000007c4300000, 0x00000007eab00000)
  object space 68608K, 18% used [0x00000007c0000000,0x00000007c0c41390,0x00000007c4300000)
 Metaspace       used 31338K, capacity 33176K, committed 33408K, reserved 1079296K
  class space    used 3029K, capacity 3707K, committed 3712K, reserved 1048576K
}
Event: 3.426 GC heap before
{Heap before GC invocations=10 (full 1):
 PSYoungGen      total 30720K, used 30290K [0x00000007eab00000, 0x00000007ed280000, 0x0000000800000000)
  eden space 23552K, 100% used [0x00000007eab00000,0x00000007ec200000,0x00000007ec200000)
  from space 7168K, 94% used [0x00000007ecb80000,0x00000007ed214b38,0x00000007ed280000)
  to   space 7680K, 0% used [0x00000007ec380000,0x00000007ec380000,0x00000007ecb00000)
 ParOldGen       total 68608K, used 12548K [0x00000007c0000000, 0x00000007c4300000, 0x00000007eab00000)
  object space 68608K, 18% used [0x00000007c0000000,0x00000007c0c41390,0x00000007c4300000)
 Metaspace       used 31343K, capacity 33176K, committed 33408K, reserved 1079296K
  class space    used 3029K, capacity 3707K, committed 3712K, reserved 1048576K
}
Event: 3.433 GC heap after
{Heap after GC invocations=10 (full 1):
 PSYoungGen      total 29184K, used 5888K [0x00000007eab00000, 0x00000007ece80000, 0x0000000800000000)
  eden space 23040K, 0% used [0x00000007eab00000,0x00000007eab00000,0x00000007ec180000)
  from space 6144K, 95% used [0x00000007ec380000,0x00000007ec940020,0x00000007ec980000)
  to   space 5120K, 0% used [0x00000007ec980000,0x00000007ec980000,0x00000007ece80000)
 ParOldGen       total 68608K, used 15335K [0x00000007c0000000, 0x00000007c4300000, 0x00000007eab00000)
  object space 68608K, 22% used [0x00000007c0000000,0x00000007c0ef9ea8,0x00000007c4300000)
 Metaspace       used 31343K, capacity 33176K, committed 33408K, reserved 1079296K
  class space    used 3029K, capacity 3707K, committed 3712K, reserved 1048576K
}
Event: 3.676 GC heap before
{Heap before GC invocations=11 (full 1):
 PSYoungGen      total 29184K, used 28928K [0x00000007eab00000, 0x00000007ece80000, 0x0000000800000000)
  eden space 23040K, 100% used [0x00000007eab00000,0x00000007ec180000,0x00000007ec180000)
  from space 6144K, 95% used [0x00000007ec380000,0x00000007ec940020,0x00000007ec980000)
  to   space 5120K, 0% used [0x00000007ec980000,0x00000007ec980000,0x00000007ece80000)
 ParOldGen       total 68608K, used 15335K [0x00000007c0000000, 0x00000007c4300000, 0x00000007eab00000)
  object space 68608K, 22% used [0x00000007c0000000,0x00000007c0ef9ea8,0x00000007c4300000)
 Metaspace       used 32564K, capacity 34506K, committed 34560K, reserved 1079296K
  class space    used 3126K, capacity 3788K, committed 3840K, reserved 1048576K
}
Event: 3.681 GC heap after
{Heap after GC invocations=11 (full 1):
 PSYoungGen      total 26624K, used 3659K [0x00000007eab00000, 0x00000007ecd80000, 0x0000000800000000)
  eden space 22528K, 0% used [0x00000007eab00000,0x00000007eab00000,0x00000007ec100000)
  from space 4096K, 89% used [0x00000007ec980000,0x00000007ecd12eb0,0x00000007ecd80000)
  to   space 4608K, 0% used [0x00000007ec480000,0x00000007ec480000,0x00000007ec900000)
 ParOldGen       total 68608K, used 19057K [0x00000007c0000000, 0x00000007c4300000, 0x00000007eab00000)
  object space 68608K, 27% used [0x00000007c0000000,0x00000007c129c578,0x00000007c4300000)
 Metaspace       used 32564K, capacity 34506K, committed 34560K, reserved 1079296K
  class space    used 3126K, capacity 3788K, committed 3840K, reserved 1048576K
}
Event: 3.713 GC heap before
{Heap before GC invocations=12 (full 1):
 PSYoungGen      total 26624K, used 5456K [0x00000007eab00000, 0x00000007ecd80000, 0x0000000800000000)
  eden space 22528K, 7% used [0x00000007eab00000,0x00000007eacc1218,0x00000007ec100000)
  from space 4096K, 89% used [0x00000007ec980000,0x00000007ecd12eb0,0x00000007ecd80000)
  to   space 4608K, 0% used [0x00000007ec480000,0x00000007ec480000,0x00000007ec900000)
 ParOldGen       total 68608K, used 19057K [0x00000007c0000000, 0x00000007c4300000, 0x00000007eab00000)
  object space 68608K, 27% used [0x00000007c0000000,0x00000007c129c578,0x00000007c4300000)
 Metaspace       used 33388K, capacity 35306K, committed 35416K, reserved 1081344K
  class space    used 3201K, capacity 3884K, committed 3968K, reserved 1048576K
}
Event: 3.717 GC heap after
{Heap after GC invocations=12 (full 1):
 PSYoungGen      total 23040K, used 128K [0x00000007eab00000, 0x00000007eca00000, 0x0000000800000000)
  eden space 22528K, 0% used [0x00000007eab00000,0x00000007eab00000,0x00000007ec100000)
  from space 512K, 25% used [0x00000007ec480000,0x00000007ec4a0000,0x00000007ec500000)
  to   space 2048K, 0% used [0x00000007ec800000,0x00000007ec800000,0x00000007eca00000)
 ParOldGen       total 68608K, used 22554K [0x00000007c0000000, 0x00000007c4300000, 0x00000007eab00000)
  object space 68608K, 32% used [0x00000007c0000000,0x00000007c1606918,0x00000007c4300000)
 Metaspace       used 33388K, capacity 35306K, committed 35416K, reserved 1081344K
  class space    used 3201K, capacity 3884K, committed 3968K, reserved 1048576K
}
Event: 3.717 GC heap before
{Heap before GC invocations=13 (full 2):
 PSYoungGen      total 23040K, used 128K [0x00000007eab00000, 0x00000007eca00000, 0x0000000800000000)
  eden space 22528K, 0% used [0x00000007eab00000,0x00000007eab00000,0x00000007ec100000)
  from space 512K, 25% used [0x00000007ec480000,0x00000007ec4a0000,0x00000007ec500000)
  to   space 2048K, 0% used [0x00000007ec800000,0x00000007ec800000,0x00000007eca00000)
 ParOldGen       total 68608K, used 22554K [0x00000007c0000000, 0x00000007c4300000, 0x00000007eab00000)
  object space 68608K, 32% used [0x00000007c0000000,0x00000007c1606918,0x00000007c4300000)
 Metaspace       used 33388K, capacity 35306K, committed 35416K, reserved 1081344K
  class space    used 3201K, capacity 3884K, committed 3968K, reserved 1048576K
}
Event: 3.799 GC heap after
{Heap after GC invocations=13 (full 2):
 PSYoungGen      total 23040K, used 0K [0x00000007eab00000, 0x00000007eca00000, 0x0000000800000000)
  eden space 22528K, 0% used [0x00000007eab00000,0x00000007eab00000,0x00000007ec100000)
  from space 512K, 0% used [0x00000007ec480000,0x00000007ec480000,0x00000007ec500000)
  to   space 2048K, 0% used [0x00000007ec800000,0x00000007ec800000,0x00000007eca00000)
 ParOldGen       total 68608K, used 21373K [0x00000007c0000000, 0x00000007c4300000, 0x00000007eab00000)
  object space 68608K, 31% used [0x00000007c0000000,0x00000007c14df480,0x00000007c4300000)
 Metaspace       used 33388K, capacity 35306K, committed 35416K, reserved 1081344K
  class space    used 3201K, capacity 3884K, committed 3968K, reserved 1048576K
}

